[INFO] - frame distributer initialized
[DEBUG] - The physical offset is: VirtAddr(0x18000000000)
[INFO] - mapper initialized
[INFO] - heap initialized
[DEBUG] - max_order: 0
[DEBUG] - max_order: 1
[DEBUG] - max_order: 5
[DEBUG] - max_order: 6
[DEBUG] - max_order: 7
[DEBUG] - max_order: 10
[DEBUG] - max_order: 12
[DEBUG] - max_order: 13
[DEBUG] - max_order: 14
[DEBUG] - max_order: 15
[DEBUG] - max_order: 16
[DEBUG] - max_order: 17
[DEBUG] - max_order: 18
[DEBUG] - splits level 0
[DEBUG] - block's index: 0
[DEBUG] - free blocks: [[], [1], [], [], [], []]
[DEBUG] - block's index: 1
[DEBUG] - free blocks: [[], [], [], [], [], []]
[INFO] - PhysAddr(0xaff000) allocated
[INFO] - PhysAddr(0xb0f000) allocated
[DEBUG] - region: MemoryRegion { range: FrameRange(0xafd000..0xaff000), size: 2 }
addr: PhysAddr(0xaff000)
[DEBUG] - deallocation size: 0x10000
[failed]

Error: panicked at 'called `Option::unwrap()` on a `None` value', src/memory/buddy_system/buddy.rs:152:42

